This is pdfTeX, Version 3.14159265-2.6-1.40.18 (TeX Live 2017) (preloaded format=pdflatex 2017.5.23)  5 JUN 2017 16:09
entering extended mode
 restricted \write18 enabled.
 file:line:error style messages enabled.
 %&-line parsing enabled.
**cookbook.tex
(./cookbook.tex
LaTeX2e <2017-04-15>
Babel <3.10> and hyphenation patterns for 84 language(s) loaded.
(./tufte-book.cls
Document Class: tufte-book 2009/12/11 v3.5.0 Tufte-book class
(./tufte-common.def
File: tufte-common.def 2009/12/11 v3.5.0 Common code for the Tufte-LaTeX styles


(/usr/local/texlive/2017/texmf-dist/tex/latex/xkeyval/xkeyval.sty
Package: xkeyval 2014/12/03 v2.7a package option processing (HA)

(/usr/local/texlive/2017/texmf-dist/tex/generic/xkeyval/xkeyval.tex
(/usr/local/texlive/2017/texmf-dist/tex/generic/xkeyval/xkvutils.tex
\XKV@toks=\toks14
\XKV@tempa@toks=\toks15

(/usr/local/texlive/2017/texmf-dist/tex/generic/xkeyval/keyval.tex))
\XKV@depth=\count79
File: xkeyval.tex 2014/12/03 v2.7a key=value parser (HA)
))
(/usr/local/texlive/2017/texmf-dist/tex/latex/xifthen/xifthen.sty
Package: xifthen 2015/11/05 v1.4.0 Extended ifthen features

(/usr/local/texlive/2017/texmf-dist/tex/latex/tools/calc.sty
Package: calc 2014/10/28 v4.3 Infix arithmetic (KKT,FJ)
\calc@Acount=\count80
\calc@Bcount=\count81
\calc@Adimen=\dimen102
\calc@Bdimen=\dimen103
\calc@Askip=\skip41
\calc@Bskip=\skip42
LaTeX Info: Redefining \setlength on input line 80.
LaTeX Info: Redefining \addtolength on input line 81.
\calc@Ccount=\count82
\calc@Cskip=\skip43
)
(/usr/local/texlive/2017/texmf-dist/tex/latex/base/ifthen.sty
Package: ifthen 2014/09/29 v1.1c Standard LaTeX ifthen package (DPC)
)
(/usr/local/texlive/2017/texmf-dist/tex/latex/ifmtarg/ifmtarg.sty
Package: ifmtarg 2009/09/02 v1.2a check for an empty argument
))
Class tufte-book Info: Loading the base class `book'.

(/usr/local/texlive/2017/texmf-dist/tex/latex/base/book.cls
Document Class: book 2014/09/29 v1.4h Standard LaTeX document class
(/usr/local/texlive/2017/texmf-dist/tex/latex/base/bk10.clo
File: bk10.clo 2014/09/29 v1.4h Standard LaTeX file (size option)
)
\c@part=\count83
\c@chapter=\count84
\c@section=\count85
\c@subsection=\count86
\c@subsubsection=\count87
\c@paragraph=\count88
\c@subparagraph=\count89
\c@figure=\count90
\c@table=\count91
\abovecaptionskip=\skip44
\belowcaptionskip=\skip45
\bibindent=\dimen104
)
(/usr/local/texlive/2017/texmf-dist/tex/generic/oberdiek/ifpdf.sty
Package: ifpdf 2017/03/15 v3.2 Provides the ifpdf switch
)
(/usr/local/texlive/2017/texmf-dist/tex/generic/ifxetex/ifxetex.sty
Package: ifxetex 2010/09/12 v0.6 Provides ifxetex conditional
)
(/usr/local/texlive/2017/texmf-dist/tex/latex/titlesec/titlesec.sty
Package: titlesec 2016/03/21 v2.10.2 Sectioning titles
\ttl@box=\box26
\beforetitleunit=\skip46
\aftertitleunit=\skip47
\ttl@plus=\dimen105
\ttl@minus=\dimen106
\ttl@toksa=\toks16
\titlewidth=\dimen107
\titlewidthlast=\dimen108
\titlewidthfirst=\dimen109
)
(/usr/local/texlive/2017/texmf-dist/tex/latex/titlesec/titletoc.sty
Package: titletoc 2011/12/15 v1.6 TOC entries
\ttl@leftsep=\dimen110
)
(/usr/local/texlive/2017/texmf-dist/tex/latex/hyperref/hyperref.sty
Package: hyperref 2017/03/14 v6.85a Hypertext links for LaTeX

(/usr/local/texlive/2017/texmf-dist/tex/generic/oberdiek/hobsub-hyperref.sty
Package: hobsub-hyperref 2016/05/16 v1.14 Bundle oberdiek, subset hyperref (HO)


(/usr/local/texlive/2017/texmf-dist/tex/generic/oberdiek/hobsub-generic.sty
Package: hobsub-generic 2016/05/16 v1.14 Bundle oberdiek, subset generic (HO)
Package: hobsub 2016/05/16 v1.14 Construct package bundles (HO)
Package: infwarerr 2016/05/16 v1.4 Providing info/warning/error messages (HO)
Package: ltxcmds 2016/05/16 v1.23 LaTeX kernel commands for general use (HO)
Package: ifluatex 2016/05/16 v1.4 Provides the ifluatex switch (HO)
Package ifluatex Info: LuaTeX not detected.
Package: ifvtex 2016/05/16 v1.6 Detect VTeX and its facilities (HO)
Package ifvtex Info: VTeX not detected.
Package: intcalc 2016/05/16 v1.2 Expandable calculations with integers (HO)
Package hobsub Info: Skipping package `ifpdf' (already loaded).
Package: etexcmds 2016/05/16 v1.6 Avoid name clashes with e-TeX commands (HO)
Package etexcmds Info: Could not find \expanded.
(etexcmds)             That can mean that you are not using pdfTeX 1.50 or
(etexcmds)             that some package has redefined \expanded.
(etexcmds)             In the latter case, load this package earlier.
Package: kvsetkeys 2016/05/16 v1.17 Key value parser (HO)
Package: kvdefinekeys 2016/05/16 v1.4 Define keys (HO)
Package: pdftexcmds 2017/03/19 v0.25 Utility functions of pdfTeX for LuaTeX (HO
)
Package pdftexcmds Info: LuaTeX not detected.
Package pdftexcmds Info: \pdf@primitive is available.
Package pdftexcmds Info: \pdf@ifprimitive is available.
Package pdftexcmds Info: \pdfdraftmode found.
Package: pdfescape 2016/05/16 v1.14 Implements pdfTeX's escape features (HO)
Package: bigintcalc 2016/05/16 v1.4 Expandable calculations on big integers (HO
)
Package: bitset 2016/05/16 v1.2 Handle bit-vector datatype (HO)
Package: uniquecounter 2016/05/16 v1.3 Provide unlimited unique counter (HO)
)
Package hobsub Info: Skipping package `hobsub' (already loaded).
Package: letltxmacro 2016/05/16 v1.5 Let assignment for LaTeX macros (HO)
Package: hopatch 2016/05/16 v1.3 Wrapper for package hooks (HO)
Package: xcolor-patch 2016/05/16 xcolor patch
Package: atveryend 2016/05/16 v1.9 Hooks at the very end of document (HO)
Package atveryend Info: \enddocument detected (standard20110627).
Package: atbegshi 2016/06/09 v1.18 At begin shipout hook (HO)
Package: refcount 2016/05/16 v3.5 Data extraction from label references (HO)
Package: hycolor 2016/05/16 v1.8 Color options for hyperref/bookmark (HO)
)
(/usr/local/texlive/2017/texmf-dist/tex/latex/oberdiek/auxhook.sty
Package: auxhook 2016/05/16 v1.4 Hooks for auxiliary files (HO)
)
(/usr/local/texlive/2017/texmf-dist/tex/latex/oberdiek/kvoptions.sty
Package: kvoptions 2016/05/16 v3.12 Key value format for package options (HO)
)
\@linkdim=\dimen111
\Hy@linkcounter=\count92
\Hy@pagecounter=\count93

(/usr/local/texlive/2017/texmf-dist/tex/latex/hyperref/pd1enc.def
File: pd1enc.def 2017/03/14 v6.85a Hyperref: PDFDocEncoding definition (HO)
)
\Hy@SavedSpaceFactor=\count94

(/usr/local/texlive/2017/texmf-dist/tex/latex/latexconfig/hyperref.cfg
File: hyperref.cfg 2002/06/06 v1.2 hyperref configuration of TeXLive
)
Package hyperref Info: Option `unicode' set `true' on input line 4374.

(/usr/local/texlive/2017/texmf-dist/tex/latex/hyperref/puenc.def
File: puenc.def 2017/03/14 v6.85a Hyperref: PDF Unicode definition (HO)
)
Package hyperref Info: Option `hyperfootnotes' set `false' on input line 4374.
Package hyperref Info: Hyper figures OFF on input line 4498.
Package hyperref Info: Link nesting OFF on input line 4503.
Package hyperref Info: Hyper index ON on input line 4506.
Package hyperref Info: Plain pages OFF on input line 4513.
Package hyperref Info: Backreferencing OFF on input line 4518.
Package hyperref Info: Implicit mode ON; LaTeX internals redefined.
Package hyperref Info: Bookmarks ON on input line 4751.
\c@Hy@tempcnt=\count95

(/usr/local/texlive/2017/texmf-dist/tex/latex/url/url.sty
\Urlmuskip=\muskip10
Package: url 2013/09/16  ver 3.4  Verb mode for urls, etc.
)
LaTeX Info: Redefining \url on input line 5104.
\XeTeXLinkMargin=\dimen112
\Fld@menulength=\count96
\Field@Width=\dimen113
\Fld@charsize=\dimen114
Package hyperref Info: Hyper figures OFF on input line 6358.
Package hyperref Info: Link nesting OFF on input line 6363.
Package hyperref Info: Hyper index ON on input line 6366.
Package hyperref Info: backreferencing OFF on input line 6373.
Package hyperref Info: Link coloring OFF on input line 6378.
Package hyperref Info: Link coloring with OCG OFF on input line 6383.
Package hyperref Info: PDF/A mode OFF on input line 6388.
LaTeX Info: Redefining \ref on input line 6428.
LaTeX Info: Redefining \pageref on input line 6432.
\Hy@abspage=\count97
\c@Item=\count98
)

Package hyperref Message: Driver (autodetected): hpdftex.

(/usr/local/texlive/2017/texmf-dist/tex/latex/hyperref/hpdftex.def
File: hpdftex.def 2017/03/14 v6.85a Hyperref driver for pdfTeX
\Fld@listcount=\count99
\c@bookmark@seq@number=\count100

(/usr/local/texlive/2017/texmf-dist/tex/latex/oberdiek/rerunfilecheck.sty
Package: rerunfilecheck 2016/05/16 v1.8 Rerun checks for auxiliary files (HO)
Package uniquecounter Info: New unique counter `rerunfilecheck' on input line 2
82.
)
\Hy@SectionHShift=\skip48
)

Package hyperref Warning: Option `pagecolor' is not available anymore.

(/usr/local/texlive/2017/texmf-dist/tex/latex/ms/ragged2e.sty
Package: ragged2e 2009/05/21 v2.1 ragged2e Package (MS)

(/usr/local/texlive/2017/texmf-dist/tex/latex/ms/everysel.sty
Package: everysel 2011/10/28 v1.2 EverySelectfont Package (MS)
)
\CenteringLeftskip=\skip49
\RaggedLeftLeftskip=\skip50
\RaggedRightLeftskip=\skip51
\CenteringRightskip=\skip52
\RaggedLeftRightskip=\skip53
\RaggedRightRightskip=\skip54
\CenteringParfillskip=\skip55
\RaggedLeftParfillskip=\skip56
\RaggedRightParfillskip=\skip57
\JustifyingParfillskip=\skip58
\CenteringParindent=\skip59
\RaggedLeftParindent=\skip60
\RaggedRightParindent=\skip61
\JustifyingParindent=\skip62
)
(/usr/local/texlive/2017/texmf-dist/tex/latex/geometry/geometry.sty
Package: geometry 2010/09/12 v5.6 Page Geometry
\Gm@cnth=\count101
\Gm@cntv=\count102
\c@Gm@tempcnt=\count103
\Gm@bindingoffset=\dimen115
\Gm@wd@mp=\dimen116
\Gm@odd@mp=\dimen117
\Gm@even@mp=\dimen118
\Gm@layoutwidth=\dimen119
\Gm@layoutheight=\dimen120
\Gm@layouthoffset=\dimen121
\Gm@layoutvoffset=\dimen122
\Gm@dimlist=\toks17
)
(/usr/local/texlive/2017/texmf-dist/tex/latex/changepage/changepage.sty
Package: changepage 2009/10/20 v1.0c check page and change page layout
\c@cp@cntr=\count104
\cp@tempcnt=\count105
)
\@tufte@overhang=\skip63
\@tufte@fullwidth=\skip64
\@tufte@caption@fill=\skip65

(/usr/local/texlive/2017/texmf-dist/tex/latex/paralist/paralist.sty
Package: paralist 2017/01/22 v2.7 Extended list environments
\pltopsep=\skip66
\plpartopsep=\skip67
\plitemsep=\skip68
\plparsep=\skip69
\pl@lab=\toks18
)
(/usr/local/texlive/2017/texmf-dist/tex/latex/textcase/textcase.sty
Package: textcase 2004/10/07 v0.07 Text only upper/lower case changing (DPC)
)
(/usr/local/texlive/2017/texmf-dist/tex/latex/microtype/letterspace.sty
Package: letterspace 2016/05/14 v2.6a Robust letterspacing (RS)
LaTeX Info: Redefining \lsstyle on input line 346.
LaTeX Info: Redefining \lslig on input line 347.
LaTeX Info: Redefining \textls on input line 372.
\MT@outer@kern=\dimen123
)
(/usr/local/texlive/2017/texmf-dist/tex/latex/setspace/setspace.sty
Package: setspace 2011/12/19 v6.7a set line spacing
)
(/usr/local/texlive/2017/texmf-dist/tex/latex/natbib/natbib.sty
Package: natbib 2010/09/13 8.31b (PWD, AO)
\bibhang=\skip70
\bibsep=\skip71
LaTeX Info: Redefining \cite on input line 694.
\c@NAT@ctr=\count106
)
(/usr/local/texlive/2017/texmf-dist/tex/latex/natbib/bibentry.sty
Package: bibentry 2007/10/30 1.5 (PWD)
)
No file cookbook.bbl.
\c@@tufte@num@bibkeys=\count107
(/usr/local/texlive/2017/texmf-dist/tex/latex/sauerj/optparams.sty
Package: optparams 2004/08/14 v0.9 multiple optional parameters in macros
)
\@tufte@sidenote@vertical@offset=\skip72

(/usr/local/texlive/2017/texmf-dist/tex/latex/placeins/placeins.sty
Package: placeins 2005/04/18  v 2.2
)
\@tufte@margin@floatbox=\box27
\@tufte@figure@box=\box28
\@tufte@caption@box=\box29
\@tufte@caption@vertical@offset=\skip73
\@tufte@float@contents@width=\skip74

(/usr/local/texlive/2017/texmf-dist/tex/latex/psnfss/mathpazo.sty
Package: mathpazo 2005/04/12 PSNFSS-v9.2a Palatino w/ Pazo Math (D.Puga, WaS) 
\symupright=\mathgroup4
)
(/usr/local/texlive/2017/texmf-dist/tex/latex/psnfss/helvet.sty
Package: helvet 2005/04/12 PSNFSS-v9.2a (WaS) 
)
(/usr/local/texlive/2017/texmf-dist/tex/latex/bera/beramono.sty
Package: beramono 2004/01/31 (WaS)
)
(/usr/local/texlive/2017/texmf-dist/tex/latex/base/fontenc.sty
Package: fontenc 2017/04/05 v2.0i Standard LaTeX package

(/usr/local/texlive/2017/texmf-dist/tex/latex/base/t1enc.def
File: t1enc.def 2017/04/05 v2.0i Standard LaTeX file
LaTeX Font Info:    Redeclaring font encoding T1 on input line 48.
))
(/usr/local/texlive/2017/texmf-dist/tex/latex/base/textcomp.sty
Package: textcomp 2017/04/05 v2.0i Standard LaTeX package
Package textcomp Info: Sub-encoding information:
(textcomp)               5 = only ISO-Adobe without \textcurrency
(textcomp)               4 = 5 + \texteuro
(textcomp)               3 = 4 + \textohm
(textcomp)               2 = 3 + \textestimated + \textcurrency
(textcomp)               1 = TS1 - \textcircled - \t
(textcomp)               0 = TS1 (full)
(textcomp)             Font families with sub-encoding setting implement
(textcomp)             only a restricted character set as indicated.
(textcomp)             Family '?' is the default used for unknown fonts.
(textcomp)             See the documentation for details.
Package textcomp Info: Setting ? sub-encoding to TS1/1 on input line 79.

(/usr/local/texlive/2017/texmf-dist/tex/latex/base/ts1enc.def
File: ts1enc.def 2001/06/05 v3.0e (jk/car/fm) Standard LaTeX file
)
LaTeX Info: Redefining \oldstylenums on input line 334.
Package textcomp Info: Setting cmr sub-encoding to TS1/0 on input line 349.
Package textcomp Info: Setting cmss sub-encoding to TS1/0 on input line 350.
Package textcomp Info: Setting cmtt sub-encoding to TS1/0 on input line 351.
Package textcomp Info: Setting cmvtt sub-encoding to TS1/0 on input line 352.
Package textcomp Info: Setting cmbr sub-encoding to TS1/0 on input line 353.
Package textcomp Info: Setting cmtl sub-encoding to TS1/0 on input line 354.
Package textcomp Info: Setting ccr sub-encoding to TS1/0 on input line 355.
Package textcomp Info: Setting ptm sub-encoding to TS1/4 on input line 356.
Package textcomp Info: Setting pcr sub-encoding to TS1/4 on input line 357.
Package textcomp Info: Setting phv sub-encoding to TS1/4 on input line 358.
Package textcomp Info: Setting ppl sub-encoding to TS1/3 on input line 359.
Package textcomp Info: Setting pag sub-encoding to TS1/4 on input line 360.
Package textcomp Info: Setting pbk sub-encoding to TS1/4 on input line 361.
Package textcomp Info: Setting pnc sub-encoding to TS1/4 on input line 362.
Package textcomp Info: Setting pzc sub-encoding to TS1/4 on input line 363.
Package textcomp Info: Setting bch sub-encoding to TS1/4 on input line 364.
Package textcomp Info: Setting put sub-encoding to TS1/5 on input line 365.
Package textcomp Info: Setting uag sub-encoding to TS1/5 on input line 366.
Package textcomp Info: Setting ugq sub-encoding to TS1/5 on input line 367.
Package textcomp Info: Setting ul8 sub-encoding to TS1/4 on input line 368.
Package textcomp Info: Setting ul9 sub-encoding to TS1/4 on input line 369.
Package textcomp Info: Setting augie sub-encoding to TS1/5 on input line 370.
Package textcomp Info: Setting dayrom sub-encoding to TS1/3 on input line 371.
Package textcomp Info: Setting dayroms sub-encoding to TS1/3 on input line 372.

Package textcomp Info: Setting pxr sub-encoding to TS1/0 on input line 373.
Package textcomp Info: Setting pxss sub-encoding to TS1/0 on input line 374.
Package textcomp Info: Setting pxtt sub-encoding to TS1/0 on input line 375.
Package textcomp Info: Setting txr sub-encoding to TS1/0 on input line 376.
Package textcomp Info: Setting txss sub-encoding to TS1/0 on input line 377.
Package textcomp Info: Setting txtt sub-encoding to TS1/0 on input line 378.
Package textcomp Info: Setting lmr sub-encoding to TS1/0 on input line 379.
Package textcomp Info: Setting lmdh sub-encoding to TS1/0 on input line 380.
Package textcomp Info: Setting lmss sub-encoding to TS1/0 on input line 381.
Package textcomp Info: Setting lmssq sub-encoding to TS1/0 on input line 382.
Package textcomp Info: Setting lmvtt sub-encoding to TS1/0 on input line 383.
Package textcomp Info: Setting lmtt sub-encoding to TS1/0 on input line 384.
Package textcomp Info: Setting qhv sub-encoding to TS1/0 on input line 385.
Package textcomp Info: Setting qag sub-encoding to TS1/0 on input line 386.
Package textcomp Info: Setting qbk sub-encoding to TS1/0 on input line 387.
Package textcomp Info: Setting qcr sub-encoding to TS1/0 on input line 388.
Package textcomp Info: Setting qcs sub-encoding to TS1/0 on input line 389.
Package textcomp Info: Setting qpl sub-encoding to TS1/0 on input line 390.
Package textcomp Info: Setting qtm sub-encoding to TS1/0 on input line 391.
Package textcomp Info: Setting qzc sub-encoding to TS1/0 on input line 392.
Package textcomp Info: Setting qhvc sub-encoding to TS1/0 on input line 393.
Package textcomp Info: Setting futs sub-encoding to TS1/4 on input line 394.
Package textcomp Info: Setting futx sub-encoding to TS1/4 on input line 395.
Package textcomp Info: Setting futj sub-encoding to TS1/4 on input line 396.
Package textcomp Info: Setting hlh sub-encoding to TS1/3 on input line 397.
Package textcomp Info: Setting hls sub-encoding to TS1/3 on input line 398.
Package textcomp Info: Setting hlst sub-encoding to TS1/3 on input line 399.
Package textcomp Info: Setting hlct sub-encoding to TS1/5 on input line 400.
Package textcomp Info: Setting hlx sub-encoding to TS1/5 on input line 401.
Package textcomp Info: Setting hlce sub-encoding to TS1/5 on input line 402.
Package textcomp Info: Setting hlcn sub-encoding to TS1/5 on input line 403.
Package textcomp Info: Setting hlcw sub-encoding to TS1/5 on input line 404.
Package textcomp Info: Setting hlcf sub-encoding to TS1/5 on input line 405.
Package textcomp Info: Setting pplx sub-encoding to TS1/3 on input line 406.
Package textcomp Info: Setting pplj sub-encoding to TS1/3 on input line 407.
Package textcomp Info: Setting ptmx sub-encoding to TS1/4 on input line 408.
Package textcomp Info: Setting ptmj sub-encoding to TS1/4 on input line 409.
)
(/usr/local/texlive/2017/texmf-dist/tex/latex/fancyhdr/fancyhdr.sty
Package: fancyhdr 2016/09/06 3.8 Extensive control of page headers and footers
\fancy@headwidth=\skip75
\f@ncyO@elh=\skip76
\f@ncyO@erh=\skip77
\f@ncyO@olh=\skip78
\f@ncyO@orh=\skip79
\f@ncyO@elf=\skip80
\f@ncyO@erf=\skip81
\f@ncyO@olf=\skip82
\f@ncyO@orf=\skip83
)
(/usr/local/texlive/2017/texmf-dist/tex/latex/xcolor/xcolor.sty
Package: xcolor 2016/05/11 v2.12 LaTeX color extensions (UK)

(/usr/local/texlive/2017/texmf-dist/tex/latex/graphics-cfg/color.cfg
File: color.cfg 2016/01/02 v1.6 sample color configuration
)
Package xcolor Info: Package option `usenames' ignored on input line 216.
Package xcolor Info: Driver file: pdftex.def on input line 225.

(/usr/local/texlive/2017/texmf-dist/tex/latex/graphics-def/pdftex.def
File: pdftex.def 2017/01/12 v0.06k Graphics/color for pdfTeX
\Gread@gobject=\count108
)
Package xcolor Info: Model `cmy' substituted by `cmy0' on input line 1348.
Package xcolor Info: Model `hsb' substituted by `rgb' on input line 1352.
Package xcolor Info: Model `RGB' extended on input line 1364.
Package xcolor Info: Model `HTML' substituted by `rgb' on input line 1366.
Package xcolor Info: Model `Hsb' substituted by `hsb' on input line 1367.
Package xcolor Info: Model `tHsb' substituted by `hsb' on input line 1368.
Package xcolor Info: Model `HSB' substituted by `hsb' on input line 1369.
Package xcolor Info: Model `Gray' substituted by `gray' on input line 1370.
Package xcolor Info: Model `wave' substituted by `hsb' on input line 1371.

(/usr/local/texlive/2017/texmf-dist/tex/latex/graphics/dvipsnam.def
File: dvipsnam.def 2016/06/17 v3.0m Driver-dependent file (DPC,SPQR)
)
(/usr/local/texlive/2017/texmf-dist/tex/latex/xcolor/svgnam.def
File: svgnam.def 2016/05/11 v2.12 Predefined colors according to SVG 1.1 (UK)
))
\langwohyphens=\language84

(/usr/local/texlive/2017/texmf-dist/tex/latex/tools/multicol.sty
Package: multicol 2017/04/11 v1.8q multicolumn formatting (FMi)
\c@tracingmulticols=\count109
\mult@box=\box30
\multicol@leftmargin=\dimen124
\c@unbalance=\count110
\c@collectmore=\count111
\doublecol@number=\count112
\multicoltolerance=\count113
\multicolpretolerance=\count114
\full@width=\dimen125
\page@free=\dimen126
\premulticols=\dimen127
\postmulticols=\dimen128
\multicolsep=\skip84
\multicolbaselineskip=\skip85
\partial@page=\box31
\last@line=\box32
\maxbalancingoverflow=\dimen129
\mult@rightbox=\box33
\mult@grightbox=\box34
\mult@gfirstbox=\box35
\mult@firstbox=\box36
\@tempa=\box37
\@tempa=\box38
\@tempa=\box39
\@tempa=\box40
\@tempa=\box41
\@tempa=\box42
\@tempa=\box43
\@tempa=\box44
\@tempa=\box45
\@tempa=\box46
\@tempa=\box47
\@tempa=\box48
\@tempa=\box49
\@tempa=\box50
\@tempa=\box51
\@tempa=\box52
\@tempa=\box53
\c@columnbadness=\count115
\c@finalcolumnbadness=\count116
\last@try=\dimen130
\multicolovershoot=\dimen131
\multicolundershoot=\dimen132
\mult@nat@firstbox=\box54
\colbreak@box=\box55
\mc@col@check@num=\count117
)
(./tufte-common-local.tex)
Class tufte-book Info: Loading tufte-common-local.tex.
) (./tufte-book-local.tex)
Class tufte-book Info: Loading tufte-book-local.tex.
)
Package hyperref Info: Option `colorlinks' set `true' on input line 3.

(/usr/local/texlive/2017/texmf-dist/tex/latex/lipsum/lipsum.sty
Package: lipsum 2014/07/27 v1.3 150 paragraphs of Lorem Ipsum dummy text
\c@lips@count=\count118
)
(/usr/local/texlive/2017/texmf-dist/tex/latex/booktabs/booktabs.sty
Package: booktabs 2016/04/27 v1.618033 publication quality tables
\heavyrulewidth=\dimen133
\lightrulewidth=\dimen134
\cmidrulewidth=\dimen135
\belowrulesep=\dimen136
\belowbottomsep=\dimen137
\aboverulesep=\dimen138
\abovetopsep=\dimen139
\cmidrulesep=\dimen140
\cmidrulekern=\dimen141
\defaultaddspace=\dimen142
\@cmidla=\count119
\@cmidlb=\count120
\@aboverulesep=\dimen143
\@belowrulesep=\dimen144
\@thisruleclass=\count121
\@lastruleclass=\count122
\@thisrulewidth=\dimen145
)
(/usr/local/texlive/2017/texmf-dist/tex/latex/graphics/graphicx.sty
Package: graphicx 2014/10/28 v1.0g Enhanced LaTeX Graphics (DPC,SPQR)

(/usr/local/texlive/2017/texmf-dist/tex/latex/graphics/graphics.sty
Package: graphics 2017/04/14 v1.1b Standard LaTeX Graphics (DPC,SPQR)

(/usr/local/texlive/2017/texmf-dist/tex/latex/graphics/trig.sty
Package: trig 2016/01/03 v1.10 sin cos tan (DPC)
)
(/usr/local/texlive/2017/texmf-dist/tex/latex/graphics-cfg/graphics.cfg
File: graphics.cfg 2016/06/04 v1.11 sample graphics configuration
)
Package graphics Info: Driver file: pdftex.def on input line 99.
)
\Gin@req@height=\dimen146
\Gin@req@width=\dimen147
)
(/usr/local/texlive/2017/texmf-dist/tex/latex/fancyvrb/fancyvrb.sty
Package: fancyvrb 2008/02/07

Style option: `fancyvrb' v2.7a, with DG/SPQR fixes, and firstline=lastline fix 
<2008/02/07> (tvz)
\FV@CodeLineNo=\count123
\FV@InFile=\read1
\FV@TabBox=\box56
\c@FancyVerbLine=\count124
\FV@StepNumber=\count125
\FV@OutFile=\write3
)
(/usr/local/texlive/2017/texmf-dist/tex/latex/tools/xspace.sty
Package: xspace 2014/10/28 v1.13 Space after command names (DPC,MH)
)
(/usr/local/texlive/2017/texmf-dist/tex/latex/units/units.sty
Package: units 1998/08/04 v0.9b Typesetting units

(/usr/local/texlive/2017/texmf-dist/tex/latex/units/nicefrac.sty
Package: nicefrac 1998/08/04 v0.9b Nice fractions
\L@UnitsRaiseDisplaystyle=\skip86
\L@UnitsRaiseTextstyle=\skip87
\L@UnitsRaiseScriptstyle=\skip88
))
(/usr/local/texlive/2017/texmf-dist/tex/latex/splitindex/splitidx.sty
Package: splitidx 2016/02/18 v1.2c multiple indices for LaTeX
)
\@indexfile=\write4
\openout4 = `cookbook.idx'.


Writing index file cookbook.idx
Using splitted index at cookbook.idx
\@indexfile@recipe=\write5
\openout5 = `cookbook-recipe.idx'.

(/usr/local/texlive/2017/texmf-dist/tex/latex/was/gensymb.sty
Package: gensymb 2003/07/02 v1.0 (WaS)
)
(/Users/epijim/git_repo/RecipeBook/.texpadtmp/cookbook.aux)
\openout1 = `cookbook.aux'.

LaTeX Font Info:    Checking defaults for OML/cmm/m/it on input line 156.
LaTeX Font Info:    ... okay on input line 156.
LaTeX Font Info:    Checking defaults for T1/cmr/m/n on input line 156.
LaTeX Font Info:    ... okay on input line 156.
LaTeX Font Info:    Checking defaults for OT1/cmr/m/n on input line 156.
LaTeX Font Info:    ... okay on input line 156.
LaTeX Font Info:    Checking defaults for OMS/cmsy/m/n on input line 156.
LaTeX Font Info:    ... okay on input line 156.
LaTeX Font Info:    Checking defaults for OMX/cmex/m/n on input line 156.
LaTeX Font Info:    ... okay on input line 156.
LaTeX Font Info:    Checking defaults for U/cmr/m/n on input line 156.
LaTeX Font Info:    ... okay on input line 156.
LaTeX Font Info:    Checking defaults for PD1/pdf/m/n on input line 156.
LaTeX Font Info:    ... okay on input line 156.
LaTeX Font Info:    Checking defaults for PU/pdf/m/n on input line 156.
LaTeX Font Info:    ... okay on input line 156.
LaTeX Font Info:    Checking defaults for TS1/cmr/m/n on input line 156.
LaTeX Font Info:    Try loading font information for TS1+cmr on input line 156.


(/usr/local/texlive/2017/texmf-dist/tex/latex/base/ts1cmr.fd
File: ts1cmr.fd 2014/09/29 v2.5h Standard LaTeX font definitions
)
LaTeX Font Info:    ... okay on input line 156.
LaTeX Font Info:    Try loading font information for T1+pplj on input line 156.


(/usr/local/texlive/2017/texmf-dist/tex/latex/psnfss/t1pplj.fd
File: t1pplj.fd 2004/09/06 font definitions for T1/pplj.
)
\AtBeginShipoutBox=\box57
Package hyperref Info: Link coloring ON on input line 156.

(/usr/local/texlive/2017/texmf-dist/tex/latex/hyperref/nameref.sty
Package: nameref 2016/05/21 v2.44 Cross-referencing by name of section

(/usr/local/texlive/2017/texmf-dist/tex/generic/oberdiek/gettitlestring.sty
Package: gettitlestring 2016/05/16 v1.5 Cleanup title references (HO)
)
\c@section@level=\count126
)
LaTeX Info: Redefining \ref on input line 156.
LaTeX Info: Redefining \pageref on input line 156.
LaTeX Info: Redefining \nameref on input line 156.

(/Users/epijim/git_repo/RecipeBook/.texpadtmp/cookbook.out)
(/Users/epijim/git_repo/RecipeBook/.texpadtmp/cookbook.out)
\@outlinefile=\write6
\openout6 = `cookbook.out'.


ABD: EverySelectfont initializing macros
LaTeX Info: Redefining \selectfont on input line 156.

*geometry* driver: auto-detecting
*geometry* detected driver: pdftex
*geometry* verbose mode - [ preamble ] result:
* driver: pdftex
* paper: letterpaper
* layout: <same size as paper>
* layoutoffset:(h,v)=(0.0pt,0.0pt)
* modes: twoside asymmetric 
* h-part:(L,W,R)=(72.26999pt, 312.0pt, 230.02501pt)
* v-part:(T,H,B)=(72.26999pt, 616.0pt, 106.7pt)
* \paperwidth=614.295pt
* \paperheight=794.96999pt
* \textwidth=312.0pt
* \textheight=616.0pt
* \oddsidemargin=0.0pt
* \evensidemargin=0.0pt
* \topmargin=-42.0pt
* \headheight=14.0pt
* \headsep=28.0pt
* \topskip=10.0pt
* \footskip=25.29494pt
* \marginparwidth=144.0pt
* \marginparsep=24.0pt
* \columnsep=10.0pt
* \skip\footins=9.0pt plus 4.0pt minus 2.0pt
* \hoffset=0.0pt
* \voffset=0.0pt
* \mag=1000
* \@twocolumnfalse
* \@twosidetrue
* \@mparswitchfalse
* \@reversemarginfalse
* (1in=72.27pt=25.4mm, 1cm=28.453pt)

\big@size=\dimen148
(/usr/local/texlive/2017/texmf-dist/tex/context/base/mkii/supp-pdf.mkii
[Loading MPS to PDF converter (version 2006.09.02).]
\scratchcounter=\count127
\scratchdimen=\dimen149
\scratchbox=\box58
\nofMPsegments=\count128
\nofMParguments=\count129
\everyMPshowfont=\toks19
\MPscratchCnt=\count130
\MPscratchDim=\dimen150
\MPnumerator=\count131
\makeMPintoPDFobject=\count132
\everyMPtoPDFconversion=\toks20
) (/usr/local/texlive/2017/texmf-dist/tex/latex/oberdiek/epstopdf-base.sty
Package: epstopdf-base 2016/05/15 v2.6 Base part for package epstopdf

(/usr/local/texlive/2017/texmf-dist/tex/latex/oberdiek/grfext.sty
Package: grfext 2016/05/16 v1.2 Manage graphics extensions (HO)
)
Package epstopdf-base Info: Redefining graphics rule for `.eps' on input line 4
38.
Package grfext Info: Graphics extension search list:
(grfext)             [.png,.pdf,.jpg,.mps,.jpeg,.jbig2,.jb2,.PNG,.PDF,.JPG,.JPE
G,.JBIG2,.JB2,.eps]
(grfext)             \AppendGraphicsExtensions on input line 456.

(/usr/local/texlive/2017/texmf-dist/tex/latex/latexconfig/epstopdf-sys.cfg
File: epstopdf-sys.cfg 2010/07/13 v1.3 Configuration of (r)epstopdf for TeX Liv
e
))
\symgns@font=\mathgroup5
LaTeX Font Info:    Overwriting symbol font `gns@font' in version `bold'
(Font)                  TS1/pplj/m/n --> TS1/pplj/bx/n on input line 156.
Package gensymb Info: Math companion symbols declared on input line 156.
LaTeX Info: Redefining \degree on input line 156.
LaTeX Info: Redefining \celsius on input line 156.
Package gensymb Info: Using text companion symbols for \degree, \celsius and \p
erthousand on input line 156.
LaTeX Info: Redefining \ohm on input line 156.
Package gensymb Info: Using \textohm for \ohm on input line 156.
Package gensymb Info: Using \textmu for \micro on input line 156.
LaTeX Font Info:    Try loading font information for T1+phv on input line 165.

(/usr/local/texlive/2017/texmf-dist/tex/latex/psnfss/t1phv.fd
File: t1phv.fd 2001/06/04 scalable font definitions for T1/phv.
)
LaTeX Font Info:    Font shape `T1/phv/m/n' will be
(Font)              scaled to size 8.99994pt on input line 165.
LaTeX Font Info:    Font shape `T1/phv/m/n' will be
(Font)              scaled to size 16.19989pt on input line 165.
LaTeX Font Info:    Font shape `T1/phv/m/n' will be
(Font)              scaled to size 32.39978pt on input line 165.
LaTeX Font Info:    Font shape `T1/phv/m/n' will be
(Font)              scaled to size 12.59991pt on input line 165.
LaTeX Font Info:    Calculating math sizes for size <14> on input line 165.
LaTeX Font Info:    Try loading font information for OT1+pplx on input line 165
.

(/usr/local/texlive/2017/texmf-dist/tex/latex/psnfss/ot1pplx.fd
File: ot1pplx.fd 2004/09/06 font definitions for OT1/pplx.
)
LaTeX Font Info:    Try loading font information for OML+zplm on input line 165
.

(/usr/local/texlive/2017/texmf-dist/tex/latex/psnfss/omlzplm.fd
File: omlzplm.fd 2002/09/08 Fontinst v1.914 font definitions for OML/zplm.
)
LaTeX Font Info:    Try loading font information for OMS+zplm on input line 165
.

(/usr/local/texlive/2017/texmf-dist/tex/latex/psnfss/omszplm.fd
File: omszplm.fd 2002/09/08 Fontinst v1.914 font definitions for OMS/zplm.
)
LaTeX Font Info:    Try loading font information for OMX+zplm on input line 165
.

(/usr/local/texlive/2017/texmf-dist/tex/latex/psnfss/omxzplm.fd
File: omxzplm.fd 2002/09/08 Fontinst v1.914 font definitions for OMX/zplm.
)
LaTeX Font Info:    Try loading font information for OT1+zplm on input line 165
.

(/usr/local/texlive/2017/texmf-dist/tex/latex/psnfss/ot1zplm.fd
File: ot1zplm.fd 2002/09/08 Fontinst v1.914 font definitions for OT1/zplm.
)
LaTeX Font Info:    Try loading font information for TS1+pplj on input line 165
.

(/usr/local/texlive/2017/texmf-dist/tex/latex/psnfss/ts1pplj.fd
File: ts1pplj.fd 2004/09/06 font definitions for TS1/pplj.
)
LaTeX Font Info:    Font shape `T1/phv/m/n' will be
(Font)              scaled to size 9.57585pt on input line 165.

Overfull \hbox (18.49858pt too wide) in paragraph at lines 165--165
\T1/phv/m/n/14/200ls THE BLACK FAM-ILY RECIPE BOOK, TYPE-SET IN L[]T[]XBY JAMES
  
 []

[1



{/usr/local/texlive/2017/texmf-var/fonts/map/pdftex/updmap/pdftex.map}]
[2

]
LaTeX Font Info:    Font shape `T1/phv/m/n' will be
(Font)              scaled to size 9.85492pt on input line 196.
LaTeX Font Info:    Font shape `T1/phv/m/it' in size <10.95> not available
(Font)              Font shape `T1/phv/m/sl' tried instead on input line 196.
LaTeX Font Info:    Font shape `T1/phv/m/sl' will be
(Font)              scaled to size 9.85492pt on input line 196.
 [3] [4

] (/Users/epijim/git_repo/RecipeBook/.texpadtmp/cookbook.toc)
\tf@toc=\write7
\openout7 = `cookbook.toc'.


[5

] [6

] [7] [8

]
<graphics/breadcrumb_cover.png, id=286, 1003.75pt x 1304.875pt>
File: graphics/breadcrumb_cover.png Graphic file (type png)

<use graphics/breadcrumb_cover.png>
Package pdftex.def Info: graphics/breadcrumb_cover.png used on input line 243.
(pdftex.def)             Requested size: 213.22896pt x 277.19765pt.

<graphics/blackpuddingragout_cover.JPG, id=288, 1003.75pt x 1304.875pt>
File: graphics/blackpuddingragout_cover.JPG Graphic file (type jpg)

<use graphics/blackpuddingragout_cover.JPG>
Package pdftex.def Info: graphics/blackpuddingragout_cover.JPG used on input li
ne 245.
(pdftex.def)             Requested size: 213.22896pt x 277.19765pt.

<graphics/pearsaladabove_cover.JPG, id=289, 1003.75pt x 1304.875pt>
File: graphics/pearsaladabove_cover.JPG Graphic file (type jpg)

<use graphics/pearsaladabove_cover.JPG>
Package pdftex.def Info: graphics/pearsaladabove_cover.JPG used on input line 2
47.
(pdftex.def)             Requested size: 213.22896pt x 277.19765pt.

<graphics/bossam_cover.png, id=290, 1003.75pt x 1304.875pt>
File: graphics/bossam_cover.png Graphic file (type png)

<use graphics/bossam_cover.png>
Package pdftex.def Info: graphics/bossam_cover.png used on input line 249.
(pdftex.def)             Requested size: 213.22896pt x 277.19765pt.
 [9 <./graphics/breadcrumb_cover.png> <./graphics/blackpuddingragout_cover.JPG>
 <./graphics/pearsaladabove_cover.JPG> <./graphics/bossam_cover.png>] [10

]
<graphics/tacobell.jpg, id=301, 1715.40875pt x 401.5pt>
File: graphics/tacobell.jpg Graphic file (type jpg)

<use graphics/tacobell.jpg>
Package pdftex.def Info: graphics/tacobell.jpg used on input line 257.
(pdftex.def)             Requested size: 479.99709pt x 112.3457pt.

<graphics/burrito.jpg, id=302, 592.2125pt x 592.2125pt>
File: graphics/burrito.jpg Graphic file (type jpg)

<use graphics/burrito.jpg>
Package pdftex.def Info: graphics/burrito.jpg used on input line 277.
(pdftex.def)             Requested size: 143.99539pt x 143.99539pt.
 [11 <./graphics/tacobell.jpg> <./graphics/burrito.jpg>] <graphics/turkisheggs.
png, id=307, 1948.27875pt x 791.95876pt>
File: graphics/turkisheggs.png Graphic file (type png)

<use graphics/turkisheggs.png>
Package pdftex.def Info: graphics/turkisheggs.png used on input line 287.
(pdftex.def)             Requested size: 479.99316pt x 195.11314pt.
 [12 <./graphics/turkisheggs.png>]
<graphics/kedgeree2.JPG, id=313, 647.5392pt x 431.6928pt>
File: graphics/kedgeree2.JPG Graphic file (type jpg)

<use graphics/kedgeree2.JPG>
Package pdftex.def Info: graphics/kedgeree2.JPG used on input line 316.
(pdftex.def)             Requested size: 480.00148pt x 320.00098pt.


LaTeX Warning: Marginpar on page 13 moved.

[13 <./graphics/kedgeree2.JPG>]
<graphics/kedgeree.png, id=319, 1469.49pt x 1402.23875pt>
File: graphics/kedgeree.png Graphic file (type png)

<use graphics/kedgeree.png>
Package pdftex.def Info: graphics/kedgeree.png used on input line 352.
(pdftex.def)             Requested size: 143.99782pt x 137.40776pt.


LaTeX Warning: Marginpar on page 14 moved.

[14 <./graphics/kedgeree.png>]
<graphics/aspandeggs.png, id=325, 2698.08pt x 960.58875pt>
File: graphics/aspandeggs.png Graphic file (type png)

<use graphics/aspandeggs.png>
Package pdftex.def Info: graphics/aspandeggs.png used on input line 386.
(pdftex.def)             Requested size: 479.99326pt x 170.89044pt.
 [15 <./graphics/aspandeggs.png>]
<graphics/potatoscones.png, id=330, 1284.8pt x 751.80875pt>
File: graphics/potatoscones.png Graphic file (type png)

<use graphics/potatoscones.png>
Package pdftex.def Info: graphics/potatoscones.png used on input line 416.
(pdftex.def)             Requested size: 479.99521pt x 280.8722pt.

<graphics/potatoscones_meal.png, id=331, 1284.8pt x 857.2025pt>
File: graphics/potatoscones_meal.png Graphic file (type png)

<use graphics/potatoscones_meal.png>
Package pdftex.def Info: graphics/potatoscones_meal.png used on input line 426.

(pdftex.def)             Requested size: 143.99464pt x 96.07143pt.
 [16 <./graphics/potatoscones.png> <./graphics/potatoscones_meal.png>]
<graphics/plumcake.png, id=337, 1225.57875pt x 1634.105pt>
File: graphics/plumcake.png Graphic file (type png)

<use graphics/plumcake.png>
Package pdftex.def Info: graphics/plumcake.png used on input line 452.
(pdftex.def)             Requested size: 143.99617pt x 191.99489pt.


LaTeX Warning: Marginpar on page 17 moved.


LaTeX Warning: Marginpar on page 17 moved.


LaTeX Warning: Marginpar on page 17 moved.


LaTeX Warning: Marginpar on page 17 moved.

[17 <./graphics/plumcake.png>] [18

]
<graphics/beetroothummus.png, id=347, 1027.84pt x 578.16pt>
File: graphics/beetroothummus.png Graphic file (type png)

<use graphics/beetroothummus.png>
Package pdftex.def Info: graphics/beetroothummus.png used on input line 488.
(pdftex.def)             Requested size: 143.99072pt x 80.99477pt.


LaTeX Warning: Marginpar on page 19 moved.

<graphics/masalapancakes.png, id=348, 1349.04pt x 1798.72pt>
File: graphics/masalapancakes.png Graphic file (type png)

<use graphics/masalapancakes.png>
Package pdftex.def Info: graphics/masalapancakes.png used on input line 516.
(pdftex.def)             Requested size: 143.98973pt x 191.98631pt.
 [19 <./graphics/beetroothummus.png> <./graphics/masalapancakes.png>]
Underfull \vbox (badness 10000) has occurred while \output is active []

 [20]
Underfull \vbox (badness 4792) has occurred while \output is active []

 [21]

LaTeX Warning: Marginpar on page 22 moved.

[22] <graphics/onionsoup.JPG, id=369, 1798.72pt x 477.785pt>
File: graphics/onionsoup.JPG Graphic file (type jpg)

<use graphics/onionsoup.JPG>
Package pdftex.def Info: graphics/onionsoup.JPG used on input line 644.
(pdftex.def)             Requested size: 480.00697pt x 127.50185pt.
 [23

 <./graphics/onionsoup.JPG>]

LaTeX Warning: Marginpar on page 24 moved.

[24] <graphics/pearsalad.JPG, id=378, 2698.08pt x 985.6825pt>
File: graphics/pearsalad.JPG Graphic file (type jpg)

<use graphics/pearsalad.JPG>
Package pdftex.def Info: graphics/pearsalad.JPG used on input line 703.
(pdftex.def)             Requested size: 479.99326pt x 175.35468pt.


LaTeX Warning: Marginpar on page 25 moved.

<graphics/pearsaladabove.JPG, id=379, 647.5392pt x 431.6928pt>
File: graphics/pearsaladabove.JPG Graphic file (type jpg)

<use graphics/pearsaladabove.JPG>
Package pdftex.def Info: graphics/pearsaladabove.JPG used on input line 728.
(pdftex.def)             Requested size: 144.00044pt x 96.00029pt.
 [25 <./graphics/pearsalad.JPG> <./graphics/pearsaladabove.JPG>]
<graphics/pearwithbluecheese.JPG, id=385, 3276.24pt x 1464.47125pt>
File: graphics/pearwithbluecheese.JPG Graphic file (type jpg)

<use graphics/pearwithbluecheese.JPG>
Package pdftex.def Info: graphics/pearwithbluecheese.JPG used on input line 741
.
(pdftex.def)             Requested size: 479.96678pt x 214.54398pt.


LaTeX Warning: Marginpar on page 26 moved.

[26 <./graphics/pearwithbluecheese.JPG>]
<graphics/lasagne.jpg, id=390, 647.5392pt x 431.6928pt>
File: graphics/lasagne.jpg Graphic file (type jpg)

<use graphics/lasagne.jpg>
Package pdftex.def Info: graphics/lasagne.jpg used on input line 777.
(pdftex.def)             Requested size: 480.00148pt x 320.00098pt.
 [27 <./graphics/lasagne.jpg>] [28]
<graphics/fondue.jpg, id=399, 3276.24pt x 2457.18pt>
File: graphics/fondue.jpg Graphic file (type jpg)
 <use graphics/fondue.jpg>
Package pdftex.def Info: graphics/fondue.jpg used on input line 830.
(pdftex.def)             Requested size: 479.96678pt x 359.97508pt.

[29 <./graphics/fondue.jpg>]

LaTeX Warning: Marginpar on page 30 moved.

[30]
File: graphics/fondue.jpg Graphic file (type jpg)
 <use graphics/fondue.jpg>
Package pdftex.def Info: graphics/fondue.jpg used on input line 871.
(pdftex.def)             Requested size: 479.96678pt x 359.97508pt.


LaTeX Warning: Marginpar on page 31 moved.


LaTeX Warning: Marginpar on page 31 moved.


LaTeX Warning: Marginpar on page 31 moved.


LaTeX Warning: Marginpar on page 31 moved.

[31]
Overfull \hbox (2.86981pt too wide) in paragraph at lines 892--893
\T1/pplj/m/n/10 Stir un-til the rice is dry, then con-tinue to make like a nor-
mal risotto.[].  
 []


LaTeX Warning: Marginpar on page 32 moved.

[32] <graphics/oxtailstew.jpg, id=417, 2312.64pt x 875.27pt>
File: graphics/oxtailstew.jpg Graphic file (type jpg)

<use graphics/oxtailstew.jpg>
Package pdftex.def Info: graphics/oxtailstew.jpg used on input line 903.
(pdftex.def)             Requested size: 479.98737pt x 181.66188pt.
 [33

 <./graphics/oxtailstew.jpg>] [34]
<graphics/roastpork2.jpg, id=426, 2698.08pt x 1503.6175pt>
File: graphics/roastpork2.jpg Graphic file (type jpg)

<use graphics/roastpork2.jpg>
Package pdftex.def Info: graphics/roastpork2.jpg used on input line 947.
(pdftex.def)             Requested size: 479.99326pt x 267.49623pt.
 [35 <./graphics/roastpork2.jpg>]
<graphics/bellyporkwide.png, id=431, 2417.03pt x 805.0075pt>
File: graphics/bellyporkwide.png Graphic file (type png)

<use graphics/bellyporkwide.png>
Package pdftex.def Info: graphics/bellyporkwide.png used on input line 985.
(pdftex.def)             Requested size: 480.0044pt x 159.86858pt.
 [36 <./graphics/bellyporkwide.png>]
<graphics/bossam.png, id=437, 2698.08pt x 1798.72pt>
File: graphics/bossam.png Graphic file (type png)
 <use graphics/bossam.png>
Package pdftex.def Info: graphics/bossam.png used on input line 992.
(pdftex.def)             Requested size: 479.99326pt x 319.9955pt.


LaTeX Warning: Marginpar on page 37 moved.


LaTeX Warning: Marginpar on page 37 moved.


LaTeX Warning: Marginpar on page 37 moved.

[37 <./graphics/bossam.png>] [38]
<graphics/blackpuddingragout.JPG, id=448, 2695.06876pt x 1177.39874pt>
File: graphics/blackpuddingragout.JPG Graphic file (type jpg)

<use graphics/blackpuddingragout.JPG>
Package pdftex.def Info: graphics/blackpuddingragout.JPG used on input line 105
1.
(pdftex.def)             Requested size: 479.99216pt x 209.69489pt.

Overfull \hbox (31.88593pt too wide) in paragraph at lines 1054--1054
|\T1/pplj/m/it/14.4 Black pud-ding, pea, peanut, mush-room and spinach ragout| 

 []


LaTeX Warning: Marginpar on page 39 moved.

[39 <./graphics/blackpuddingragout.JPG>]
<graphics/chickenstuffed.png, id=453, 2332.715pt x 1151.30125pt>
File: graphics/chickenstuffed.png Graphic file (type png)

<use graphics/chickenstuffed.png>
Package pdftex.def Info: graphics/chickenstuffed.png used on input line 1085.
(pdftex.def)             Requested size: 479.9894pt x 236.89665pt.


LaTeX Warning: Marginpar on page 40 moved.


LaTeX Warning: Marginpar on page 40 moved.

<graphics/stuffingchicken.jpg, id=454, 1490.56876pt x 1386.17876pt>
File: graphics/stuffingchicken.jpg Graphic file (type jpg)

<use graphics/stuffingchicken.jpg>
Package pdftex.def Info: graphics/stuffingchicken.jpg used on input line 1104.
(pdftex.def)             Requested size: 143.99364pt x 133.90924pt.


LaTeX Warning: Marginpar on page 40 moved.

[40 <./graphics/chickenstuffed.png> <./graphics/stuffingchicken.jpg>]
<graphics/jerkchicken.JPG, id=459, 2698.08pt x 1631.09375pt>
File: graphics/jerkchicken.JPG Graphic file (type jpg)

<use graphics/jerkchicken.JPG>
Package pdftex.def Info: graphics/jerkchicken.JPG used on input line 1120.
(pdftex.def)             Requested size: 479.99326pt x 290.17448pt.
 [41 <./graphics/jerkchicken.JPG>]
<graphics/greekchicken.JPG, id=464, 2514.39375pt x 554.07pt>
File: graphics/greekchicken.JPG Graphic file (type jpg)

<use graphics/greekchicken.JPG>
Package pdftex.def Info: graphics/greekchicken.JPG used on input line 1150.
(pdftex.def)             Requested size: 479.96504pt x 105.76474pt.

<graphics/stickychicken.png, id=465, 1284.8pt x 857.2025pt>
File: graphics/stickychicken.png Graphic file (type png)

<use graphics/stickychicken.png>
Package pdftex.def Info: graphics/stickychicken.png used on input line 1192.
(pdftex.def)             Requested size: 479.99521pt x 320.2468pt.


LaTeX Warning: `h' float specifier changed to `ht'.

[42 <./graphics/greekchicken.JPG>]

LaTeX Warning: Marginpar on page 43 moved.

[43 <./graphics/stickychicken.png>]
<graphics/friedchicken.jpg, id=475, 636.3775pt x 193.72375pt>
File: graphics/friedchicken.jpg Graphic file (type jpg)

<use graphics/friedchicken.jpg>
Package pdftex.def Info: graphics/friedchicken.jpg used on input line 1214.
(pdftex.def)             Requested size: 479.99113pt x 146.11716pt.
 [44 <./graphics/friedchicken.jpg>]
<graphics/chickendoner.JPG, id=480, 2698.08pt x 1303.87125pt>
File: graphics/chickendoner.JPG Graphic file (type jpg)

<use graphics/chickendoner.JPG>
Package pdftex.def Info: graphics/chickendoner.JPG used on input line 1243.
(pdftex.def)             Requested size: 479.99326pt x 231.96101pt.
 [45 <./graphics/chickendoner.JPG>]
<graphics/lambwithmint.png, id=485, 1447.4075pt x 602.25pt>
File: graphics/lambwithmint.png Graphic file (type png)

<use graphics/lambwithmint.png>
Package pdftex.def Info: graphics/lambwithmint.png used on input line 1273.
(pdftex.def)             Requested size: 480.00912pt x 199.7264pt.
 [46 <./graphics/lambwithmint.png>]
<graphics/gnocchi.png, id=491, 1284.8pt x 545.03625pt>
File: graphics/gnocchi.png Graphic file (type png)

<use graphics/gnocchi.png>
Package pdftex.def Info: graphics/gnocchi.png used on input line 1302.
(pdftex.def)             Requested size: 479.99521pt x 203.62297pt.


LaTeX Warning: Marginpar on page 47 moved.

[47 <./graphics/gnocchi.png>]
<graphics/breadcrumbpasta.png, id=498, 2698.08pt x 986.68625pt>
File: graphics/breadcrumbpasta.png Graphic file (type png)

<use graphics/breadcrumbpasta.png>
Package pdftex.def Info: graphics/breadcrumbpasta.png used on input line 1331.
(pdftex.def)             Requested size: 479.99326pt x 175.53323pt.


LaTeX Warning: Marginpar on page 48 moved.


LaTeX Warning: Marginpar on page 48 moved.

[48 <./graphics/breadcrumbpasta.png>]
<graphics/porkpie.png, id=504, 2526.43875pt x 1299.85625pt>
File: graphics/porkpie.png Graphic file (type png)

<use graphics/porkpie.png>
Package pdftex.def Info: graphics/porkpie.png used on input line 1363.
(pdftex.def)             Requested size: 479.9898pt x 246.95541pt.
 [49 <./graphics/porkpie.png>]
<graphics/lambtagine.png, id=511, 2698.08pt x 1240.635pt>
File: graphics/lambtagine.png Graphic file (type png)

<use graphics/lambtagine.png>
Package pdftex.def Info: graphics/lambtagine.png used on input line 1397.
(pdftex.def)             Requested size: 479.99326pt x 220.71118pt.


LaTeX Warning: Marginpar on page 50 moved.

[50 <./graphics/lambtagine.png>]
<graphics/paella.png, id=516, 1024.82875pt x 241.90375pt>
File: graphics/paella.png Graphic file (type png)

<use graphics/paella.png>
Package pdftex.def Info: graphics/paella.png used on input line 1431.
(pdftex.def)             Requested size: 479.99635pt x 113.29982pt.

<graphics/paellahigh.png, id=517, 2022.55624pt x 1755.55875pt>
File: graphics/paellahigh.png Graphic file (type png)

<use graphics/paellahigh.png>
Package pdftex.def Info: graphics/paellahigh.png used on input line 1442.
(pdftex.def)             Requested size: 143.96974pt x 124.96431pt.


LaTeX Warning: Marginpar on page 51 moved.


LaTeX Warning: Marginpar on page 51 moved.


LaTeX Warning: Marginpar on page 51 moved.


LaTeX Warning: Marginpar on page 51 moved.


LaTeX Warning: Marginpar on page 51 moved.


LaTeX Warning: Marginpar on page 51 moved.


LaTeX Warning: Marginpar on page 51 moved.

[51 <./graphics/paella.png> <./graphics/paellahigh.png>]
Overfull \hbox (12.85974pt too wide) in paragraph at lines 1506--1507
[]\T1/pplj/m/n/10 Stir through the noo-dles, and add the radish, dried shrimp, 
beansprouts, 
 []

[52] <graphics/fleurs.JPG, id=528, 2695.06876pt x 1012.78375pt>
File: graphics/fleurs.JPG Graphic file (type jpg)

<use graphics/fleurs.JPG>
Package pdftex.def Info: graphics/fleurs.JPG used on input line 1513.
(pdftex.def)             Requested size: 479.99216pt x 180.37694pt.


LaTeX Warning: Marginpar on page 53 moved.


LaTeX Warning: Marginpar on page 53 moved.

[53 <./graphics/fleurs.JPG>]
<graphics/pestocrustfish.png, id=533, 2698.08pt x 1798.72pt>
File: graphics/pestocrustfish.png Graphic file (type png)

<use graphics/pestocrustfish.png>
Package pdftex.def Info: graphics/pestocrustfish.png used on input line 1547.
(pdftex.def)             Requested size: 479.99326pt x 319.9955pt.


LaTeX Warning: Marginpar on page 54 moved.

[54 <./graphics/pestocrustfish.png>]
<graphics/eggplantcurry.png, id=538, 1021.8175pt x 274.02374pt>
File: graphics/eggplantcurry.png Graphic file (type png)

<use graphics/eggplantcurry.png>
Package pdftex.def Info: graphics/eggplantcurry.png used on input line 1574.
(pdftex.def)             Requested size: 479.98924pt x 128.7201pt.
 [55

 <./graphics/eggplantcurry.png>]

LaTeX Warning: Marginpar on page 56 moved.


LaTeX Warning: Marginpar on page 56 moved.

[56]

LaTeX Warning: Marginpar on page 57 moved.

[57] [58

] <graphics/britcurry.png, id=557, 2666.96375pt x 1281.78876pt>
File: graphics/britcurry.png Graphic file (type png)

<use graphics/britcurry.png>
Package pdftex.def Info: graphics/britcurry.png used on input line 1731.
(pdftex.def)             Requested size: 479.99207pt x 230.69246pt.


LaTeX Warning: `h' float specifier changed to `ht'.


Underfull \vbox (badness 7256) has occurred while \output is active []

 [59]
[60 <./graphics/britcurry.png>] [61]

LaTeX Warning: Marginpar on page 62 moved.


LaTeX Warning: Marginpar on page 62 moved.

[62] <graphics/pumpkinpie.jpg, id=576, 2007.5pt x 555.07375pt>
File: graphics/pumpkinpie.jpg Graphic file (type jpg)

<use graphics/pumpkinpie.jpg>
Package pdftex.def Info: graphics/pumpkinpie.jpg used on input line 1812.
(pdftex.def)             Requested size: 480.00256pt x 132.7207pt.


LaTeX Warning: Marginpar on page 63 moved.

[63

 <./graphics/pumpkinpie.jpg>]
<graphics/pumpkinpiesquare.png, id=581, 686.565pt x 681.54625pt>
File: graphics/pumpkinpiesquare.png Graphic file (type png)

<use graphics/pumpkinpiesquare.png>
Package pdftex.def Info: graphics/pumpkinpiesquare.png used on input line 1844.

(pdftex.def)             Requested size: 143.99432pt x 142.94174pt.


LaTeX Warning: Marginpar on page 64 moved.

<graphics/germanmess_banner.png, id=582, 932.48375pt x 191.71625pt>
File: graphics/germanmess_banner.png Graphic file (type png)

<use graphics/germanmess_banner.png>
Package pdftex.def Info: graphics/germanmess_banner.png used on input line 1876
.
(pdftex.def)             Requested size: 479.99973pt x 98.68669pt.
 [64 <./graphics/pumpkinpiesquare.png> <./graphics/germanmess_banner.png>]
(/Users/epijim/git_repo/RecipeBook/.texpadtmp/cookbook.ind [65

] [66

] [67])
(/Users/epijim/git_repo/RecipeBook/.texpadtmp/cookbook-recipe.ind) [68]
[69] [70] [71] [72] [73] [74]

Package bibentry Warning: You have used \nobibliography* 
(bibentry)                without a following \bibliography.
(bibentry)                You may not be able to run BibTeX.

Package atveryend Info: Empty hook `BeforeClearDocument' on input line 1902.
Package atveryend Info: Empty hook `AfterLastShipout' on input line 1902.
(/Users/epijim/git_repo/RecipeBook/.texpadtmp/cookbook.aux)
Package atveryend Info: Executing hook `AtVeryEndDocument' on input line 1902.
Package atveryend Info: Executing hook `AtEndAfterFileList' on input line 1902.

Package rerunfilecheck Info: File `cookbook.out' has not changed.
(rerunfilecheck)             Checksum: <no file>.
Package atveryend Info: Empty hook `AtVeryVeryEnd' on input line 1902.
 ) 
Here is how much of TeX's memory you used:
 13690 strings out of 492995
 197616 string characters out of 6132704
 392059 words of memory out of 5000000
 16764 multiletter control sequences out of 15000+600000
 117369 words of font info for 167 fonts, out of 8000000 for 9000
 1141 hyphenation exceptions out of 8191
 40i,12n,45p,735b,603s stack positions out of 5000i,500n,10000p,200000b,80000s
{/usr/local/texlive/2017/texmf-dist/fonts/enc/dvips/base/8r.enc}</usr/local/t
exlive/2017/texmf-dist/fonts/type1/public/fpl/fplrc8a.pfb></usr/local/texlive/2
017/texmf-dist/fonts/type1/public/fpl/fplrij8a.pfb></usr/local/texlive/2017/tex
mf-dist/fonts/type1/urw/helvetic/uhvr8a.pfb></usr/local/texlive/2017/texmf-dist
/fonts/type1/urw/helvetic/uhvro8a.pfb></usr/local/texlive/2017/texmf-dist/fonts
/type1/urw/palatino/uplr8a.pfb></usr/local/texlive/2017/texmf-dist/fonts/type1/
urw/palatino/uplri8a.pfb>
Output written on /Users/epijim/git_repo/RecipeBook/.texpadtmp/cookbook.pdf (74
 pages, 114426768 bytes).
PDF statistics:
 790 PDF objects out of 1000 (max. 8388607)
 627 compressed objects within 7 object streams
 132 named destinations out of 1000 (max. 500000)
 23724 words of extra memory for PDF output out of 24883 (max. 10000000)

