\BOOKMARK [0][-]{chapter*.2}{\376\377\000B\000r\000u\000n\000c\000h}{}% 1
\BOOKMARK [1][-]{section*.3}{\376\377\000B\000r\000e\000a\000k\000f\000a\000s\000t\000\040\000b\000u\000r\000r\000i\000t\000o\000s}{chapter*.2}% 2
\BOOKMARK [1][-]{section*.4}{\376\377\000T\000u\000r\000k\000i\000s\000h\000\040\000e\000g\000g\000s}{chapter*.2}% 3
\BOOKMARK [1][-]{section*.5}{\376\377\000K\000e\000d\000g\000e\000r\000e\000e}{chapter*.2}% 4
\BOOKMARK [1][-]{section*.6}{\376\377\000C\000r\000i\000s\000p\000\040\000o\000m\000e\000l\000e\000t\000t\000e}{chapter*.2}% 5
\BOOKMARK [1][-]{section*.7}{\376\377\000A\000s\000p\000a\000r\000a\000g\000u\000s\000,\000\040\000m\000u\000s\000h\000r\000o\000o\000m\000,\000\040\000e\000g\000g\000s\000\040\000\046\000\040\000g\000a\000r\000l\000i\000c\000\040\000c\000r\000u\000m\000b\000s}{chapter*.2}% 6
\BOOKMARK [1][-]{section*.8}{\376\377\000P\000o\000t\000a\000t\000o\000\040\000s\000c\000o\000n\000e\000s}{chapter*.2}% 7
\BOOKMARK [1][-]{section*.9}{\376\377\000P\000l\000u\000m\000\040\000c\000a\000k\000e}{chapter*.2}% 8
\BOOKMARK [0][-]{chapter*.10}{\376\377\000S\000t\000a\000r\000t\000e\000r\000s}{}% 9
\BOOKMARK [1][-]{section*.11}{\376\377\000B\000e\000e\000t\000r\000o\000o\000t\000\040\000h\000u\000m\000m\000u\000s}{chapter*.10}% 10
\BOOKMARK [1][-]{section*.12}{\376\377\000M\000a\000s\000a\000l\000a\000\040\000p\000a\000n\000c\000a\000k\000e\000s}{chapter*.10}% 11
\BOOKMARK [1][-]{section*.13}{\376\377\000P\000o\000t\000a\000t\000o\000\040\000a\000n\000d\000\040\000l\000e\000e\000k\000\040\000s\000o\000u\000p}{chapter*.10}% 12
\BOOKMARK [1][-]{section*.14}{\376\377\000B\000a\000k\000e\000d\000\040\000c\000a\000m\000e\000m\000b\000e\000r\000t}{chapter*.10}% 13
\BOOKMARK [1][-]{section*.15}{\376\377\000F\000o\000c\000a\000c\000c\000i\000a}{chapter*.10}% 14
\BOOKMARK [0][-]{chapter*.16}{\376\377\000V\000e\000g\000e\000t\000a\000r\000i\000a\000n}{}% 15
\BOOKMARK [1][-]{section*.17}{\376\377\000F\000r\000e\000n\000c\000h\000\040\000o\000n\000i\000o\000n\000\040\000s\000o\000u\000p}{chapter*.16}% 16
\BOOKMARK [1][-]{section*.18}{\376\377\000P\000u\000m\000p\000k\000i\000n\000\040\000a\000n\000d\000\040\000c\000o\000c\000o\000n\000u\000t\000\040\000s\000t\000e\000w}{chapter*.16}% 17
\BOOKMARK [1][-]{section*.19}{\376\377\000C\000o\000u\000s\000c\000o\000u\000s\000\040\000w\000i\000t\000h\000\040\000s\000p\000i\000n\000a\000c\000h\000,\000\040\000a\000l\000m\000o\000n\000d\000s\000\040\000a\000n\000d\000\040\000f\000e\000t\000a}{chapter*.16}% 18
\BOOKMARK [1][-]{section*.20}{\376\377\000S\000p\000i\000n\000a\000c\000h\000,\000\040\000b\000l\000u\000e\000\040\000c\000h\000e\000e\000s\000e\000\040\000a\000n\000d\000\040\000p\000e\000a\000r\000\040\000s\000a\000l\000a\000d}{chapter*.16}% 19
\BOOKMARK [1][-]{section*.21}{\376\377\000G\000l\000a\000s\000s\000\040\000n\000u\000t\000s\000\040\000w\000i\000t\000h\000\040\000b\000l\000u\000e\000\040\000c\000h\000e\000e\000s\000e\000\040\000a\000n\000d\000\040\000c\000a\000r\000a\000m\000e\000l\000i\000s\000e\000d\000\040\000p\000e\000a\000r\000s}{chapter*.16}% 20
\BOOKMARK [1][-]{section*.22}{\376\377\000K\000a\000l\000e\000\040\000l\000a\000s\000a\000g\000n\000e}{chapter*.16}% 21
\BOOKMARK [1][-]{section*.23}{\376\377\000C\000h\000e\000e\000s\000e\000\040\000f\000o\000n\000d\000u\000e}{chapter*.16}% 22
\BOOKMARK [1][-]{section*.24}{\376\377\000R\000e\000d\000\040\000w\000i\000n\000e\000\040\000r\000i\000s\000o\000t\000t\000o\000\040\000w\000i\000t\000h\000\040\000b\000l\000u\000e\000\040\000c\000h\000e\000e\000s\000e}{chapter*.16}% 23
\BOOKMARK [0][-]{chapter*.25}{\376\377\000M\000a\000i\000n\000s}{}% 24
\BOOKMARK [1][-]{section*.26}{\376\377\000O\000x\000t\000a\000i\000l\000\040\000s\000t\000e\000w}{chapter*.25}% 25
\BOOKMARK [1][-]{section*.27}{\376\377\000R\000o\000a\000s\000t\000\040\000p\000o\000r\000k\000\040\000b\000e\000l\000l\000y\000\040\000w\000i\000t\000h\000\040\000a\000p\000p\000l\000e\000\040\000a\000n\000d\000\040\000s\000w\000e\000e\000t\000\040\000p\000o\000t\000a\000t\000o\000\040\000m\000a\000s\000h}{chapter*.25}% 26
\BOOKMARK [1][-]{section*.28}{\376\377\000B\000o\000\040\000S\000s\000a\000m}{chapter*.25}% 27
\BOOKMARK [1][-]{section*.29}{\376\377\000B\000l\000a\000c\000k\000\040\000p\000u\000d\000d\000i\000n\000g\000,\000\040\000p\000e\000a\000,\000\040\000p\000e\000a\000n\000u\000t\000,\000\040\000m\000u\000s\000h\000r\000o\000o\000m\000\040\000a\000n\000d\000\040\000s\000p\000i\000n\000a\000c\000h\000\040\000r\000a\000g\000o\000u\000t}{chapter*.25}% 28
\BOOKMARK [1][-]{section*.30}{\376\377\000C\000h\000i\000c\000k\000e\000n\000\040\000r\000o\000u\000l\000a\000d\000e}{chapter*.25}% 29
\BOOKMARK [1][-]{section*.31}{\376\377\000J\000e\000r\000k\000\040\000c\000h\000i\000c\000k\000e\000n}{chapter*.25}% 30
\BOOKMARK [1][-]{section*.32}{\376\377\000G\000r\000e\000e\000k\000\040\000c\000h\000i\000c\000k\000e\000n}{chapter*.25}% 31
\BOOKMARK [1][-]{section*.33}{\376\377\000H\000o\000n\000e\000y\000\040\000s\000o\000y\000\040\000c\000h\000i\000c\000k\000e\000n}{chapter*.25}% 32
\BOOKMARK [1][-]{section*.34}{\376\377\000F\000r\000i\000e\000d\000\040\000c\000h\000i\000c\000k\000e\000n\000\040\000s\000a\000n\000d\000w\000i\000c\000h}{chapter*.25}% 33
\BOOKMARK [1][-]{section*.35}{\376\377\000C\000h\000i\000c\000k\000e\000n\000\040\000d\000o\000n\000e\000r}{chapter*.25}% 34
\BOOKMARK [1][-]{section*.36}{\376\377\000L\000a\000m\000b\000\040\000w\000i\000t\000h\000\040\000m\000u\000s\000t\000a\000r\000d\000\040\000a\000n\000d\000\040\000m\000i\000n\000t}{chapter*.25}% 35
\BOOKMARK [1][-]{section*.37}{\376\377\000G\000n\000o\000c\000c\000h\000i\000\040\000w\000i\000t\000h\000\040\000c\000e\000l\000e\000r\000y\000\040\000l\000e\000a\000v\000e\000s\000\040\000a\000n\000d\000\040\000w\000\374\000r\000s\000t}{chapter*.25}% 36
\BOOKMARK [1][-]{section*.38}{\376\377\000A\000n\000c\000h\000o\000v\000y\000\040\000a\000n\000d\000\040\000b\000r\000e\000a\000d\000c\000r\000u\000m\000b\000\040\000p\000a\000s\000t\000a\000\040}{chapter*.25}% 37
\BOOKMARK [1][-]{section*.39}{\376\377\000P\000o\000r\000k\000\040\000a\000n\000d\000\040\000P\000r\000u\000n\000e\000\040\000P\000i\000e}{chapter*.25}% 38
\BOOKMARK [1][-]{section*.40}{\376\377\000M\000o\000r\000o\000c\000c\000a\000n\000\040\000l\000a\000m\000b}{chapter*.25}% 39
\BOOKMARK [1][-]{section*.41}{\376\377\000P\000a\000e\000l\000l\000a}{chapter*.25}% 40
\BOOKMARK [1][-]{section*.42}{\376\377\000P\000h\000a\000t\000\040\000t\000h\000a\000i}{chapter*.25}% 41
\BOOKMARK [1][-]{section*.43}{\376\377\000F\000l\000e\000u\000r\000'\000s\000\040\000f\000i\000s\000h\000\040\000r\000a\000r\000e\000b\000i\000t}{chapter*.25}% 42
\BOOKMARK [1][-]{section*.44}{\376\377\000P\000u\000m\000p\000k\000i\000n\000\040\000s\000e\000e\000d\000\040\000a\000n\000d\000\040\000d\000i\000l\000l\000\040\000c\000r\000u\000s\000t\000e\000d\000\040\000c\000o\000d}{chapter*.25}% 43
\BOOKMARK [0][-]{chapter*.45}{\376\377\000N\000a\000n\000a\000'\000s\000\040\000c\000u\000r\000r\000i\000e\000s}{}% 44
\BOOKMARK [1][-]{section*.46}{\376\377\000N\000a\000n\000a\000'\000s\000\040\000b\000r\000i\000n\000j\000a\000l}{chapter*.45}% 45
\BOOKMARK [1][-]{section*.47}{\376\377\000C\000u\000r\000r\000i\000e\000d\000\040\000v\000e\000g\000e\000t\000a\000b\000l\000e\000s}{chapter*.45}% 46
\BOOKMARK [1][-]{section*.48}{\376\377\000N\000a\000n\000a\000'\000s\000\040\000d\000a\000h\000l}{chapter*.45}% 47
\BOOKMARK [1][-]{section*.49}{\376\377\000N\000a\000n\000a\000'\000s\000\040\000c\000h\000i\000c\000k\000e\000n\000\040\000c\000u\000r\000r\000y}{chapter*.45}% 48
\BOOKMARK [0][-]{chapter*.50}{\376\377\000M\000e\000a\000t\000\040\000c\000u\000r\000r\000i\000e\000s}{}% 49
\BOOKMARK [1][-]{section*.51}{\376\377\000L\000a\000m\000b\000\040\000c\000u\000r\000r\000y}{chapter*.50}% 50
\BOOKMARK [1][-]{section*.52}{\376\377\000C\000h\000i\000c\000k\000e\000n\000\040\000c\000u\000r\000r\000y\000\040\000\050\000S\000c\000o\000t\000t\000i\000s\000h\000\040\000s\000t\000y\000l\000e\000\051}{chapter*.50}% 51
\BOOKMARK [1][-]{section*.53}{\376\377\000T\000h\000a\000i\000\040\000c\000h\000i\000c\000k\000e\000n\000\040\000c\000u\000r\000r\000y}{chapter*.50}% 52
\BOOKMARK [0][-]{chapter*.54}{\376\377\000D\000e\000s\000s\000e\000r\000t}{}% 53
\BOOKMARK [1][-]{section*.55}{\376\377\000P\000u\000m\000p\000k\000i\000n\000\040\000p\000i\000e}{chapter*.54}% 54
\BOOKMARK [1][-]{section*.56}{\376\377\000G\000e\000r\000m\000a\000n\000\040\000m\000e\000s\000s}{chapter*.54}% 55
\BOOKMARK [0][-]{chapter*.57}{\376\377\000I\000n\000d\000e\000x}{}% 56
